This is pdfTeX, Version 3.141592653-2.6-1.40.23 (MiKTeX 21.8 32-bit) (preloaded format=pdflatex 2021.8.16)  17 NOV 2021 23:48
entering extended mode
**./rbf.tex
(rbf.tex
LaTeX2e <2021-06-01> patch level 1
L3 programming layer <2021-07-12> (rbf.cls
Document Class: rbf 
\bibbaselineskip=\skip47

! LaTeX Error: File `revtex4-2.cls' not found.

Type X to quit or <RETURN> to proceed,
or enter new name. (Default extension: cls)

Enter file name: 
! Emergency stop.
<read *> flag
             
l.158 \else
           
*** (cannot \read from terminal in nonstop modes)

 
Here is how much of TeX's memory you used:
 68 strings out of 478868
 1131 string characters out of 2847861
 291835 words of memory out of 3000000
 18083 multiletter control sequences out of 15000+600000
 403430 words of font info for 27 fonts, out of 8000000 for 9000
 1141 hyphenation exceptions out of 8191
 33i,0n,43p,123b,17s stack positions out of 5000i,500n,10000p,200000b,80000s
!  ==> Fatal error occurred, no output PDF file produced!
